C:\Users\Administrator\Desktop\MyChatBot\financialbot\aChatBotApi\Spa\dist\out-tsc\app\app.component.js
C:\Users\Administrator\Desktop\MyChatBot\financialbot\aChatBotApi\Spa\dist\out-tsc\app\app.component.js.map
C:\Users\Administrator\Desktop\MyChatBot\financialbot\aChatBotApi\Spa\dist\out-tsc\app\models\generic-response.js
C:\Users\Administrator\Desktop\MyChatBot\financialbot\aChatBotApi\Spa\dist\out-tsc\app\models\generic-response.js.map
C:\Users\Administrator\Desktop\MyChatBot\financialbot\aChatBotApi\Spa\dist\out-tsc\app\models\user-data.js
C:\Users\Administrator\Desktop\MyChatBot\financialbot\aChatBotApi\Spa\dist\out-tsc\app\models\user-data.js.map
C:\Users\Administrator\Desktop\MyChatBot\financialbot\aChatBotApi\Spa\dist\out-tsc\app\models\user-login.js
C:\Users\Administrator\Desktop\MyChatBot\financialbot\aChatBotApi\Spa\dist\out-tsc\app\models\user-login.js.map
C:\Users\Administrator\Desktop\MyChatBot\financialbot\aChatBotApi\Spa\dist\out-tsc\app\models\user-register.js
C:\Users\Administrator\Desktop\MyChatBot\financialbot\aChatBotApi\Spa\dist\out-tsc\app\models\user-register.js.map
C:\Users\Administrator\Desktop\MyChatBot\financialbot\aChatBotApi\Spa\dist\out-tsc\app\services\auth\authorization.service.js
C:\Users\Administrator\Desktop\MyChatBot\financialbot\aChatBotApi\Spa\dist\out-tsc\app\services\auth\authorization.service.js.map
C:\Users\Administrator\Desktop\MyChatBot\financialbot\aChatBotApi\Spa\dist\out-tsc\app\guards\auth.guard.js
C:\Users\Administrator\Desktop\MyChatBot\financialbot\aChatBotApi\Spa\dist\out-tsc\app\guards\auth.guard.js.map
C:\Users\Administrator\Desktop\MyChatBot\financialbot\aChatBotApi\Spa\dist\out-tsc\app\pages\access-page\access-page.component.js
C:\Users\Administrator\Desktop\MyChatBot\financialbot\aChatBotApi\Spa\dist\out-tsc\app\pages\access-page\access-page.component.js.map
C:\Users\Administrator\Desktop\MyChatBot\financialbot\aChatBotApi\Spa\dist\out-tsc\app\pages\chat-page\models\hub.group.js
C:\Users\Administrator\Desktop\MyChatBot\financialbot\aChatBotApi\Spa\dist\out-tsc\app\pages\chat-page\models\hub.group.js.map
C:\Users\Administrator\Desktop\MyChatBot\financialbot\aChatBotApi\Spa\dist\out-tsc\app\pages\chat-page\models\hub.message.js
C:\Users\Administrator\Desktop\MyChatBot\financialbot\aChatBotApi\Spa\dist\out-tsc\app\pages\chat-page\models\hub.message.js.map
C:\Users\Administrator\Desktop\MyChatBot\financialbot\aChatBotApi\Spa\dist\out-tsc\app\pages\chat-page\models\hub.users.js
C:\Users\Administrator\Desktop\MyChatBot\financialbot\aChatBotApi\Spa\dist\out-tsc\app\pages\chat-page\models\hub.users.js.map
C:\Users\Administrator\Desktop\MyChatBot\financialbot\aChatBotApi\Spa\dist\out-tsc\helpers\helpers.js
C:\Users\Administrator\Desktop\MyChatBot\financialbot\aChatBotApi\Spa\dist\out-tsc\helpers\helpers.js.map
C:\Users\Administrator\Desktop\MyChatBot\financialbot\aChatBotApi\Spa\dist\out-tsc\app\services\hub\hub.service.js
C:\Users\Administrator\Desktop\MyChatBot\financialbot\aChatBotApi\Spa\dist\out-tsc\app\services\hub\hub.service.js.map
C:\Users\Administrator\Desktop\MyChatBot\financialbot\aChatBotApi\Spa\dist\out-tsc\app\pages\chat-page\chat-page.component.js
C:\Users\Administrator\Desktop\MyChatBot\financialbot\aChatBotApi\Spa\dist\out-tsc\app\pages\chat-page\chat-page.component.js.map
C:\Users\Administrator\Desktop\MyChatBot\financialbot\aChatBotApi\Spa\dist\out-tsc\app\pages\register-page\register-page.component.js
C:\Users\Administrator\Desktop\MyChatBot\financialbot\aChatBotApi\Spa\dist\out-tsc\app\pages\register-page\register-page.component.js.map
C:\Users\Administrator\Desktop\MyChatBot\financialbot\aChatBotApi\Spa\dist\out-tsc\app\routing.js
C:\Users\Administrator\Desktop\MyChatBot\financialbot\aChatBotApi\Spa\dist\out-tsc\app\routing.js.map
C:\Users\Administrator\Desktop\MyChatBot\financialbot\aChatBotApi\Spa\dist\out-tsc\helpers\bearer-token-interceptor.js
C:\Users\Administrator\Desktop\MyChatBot\financialbot\aChatBotApi\Spa\dist\out-tsc\helpers\bearer-token-interceptor.js.map
C:\Users\Administrator\Desktop\MyChatBot\financialbot\aChatBotApi\Spa\dist\out-tsc\app\app.module.js
C:\Users\Administrator\Desktop\MyChatBot\financialbot\aChatBotApi\Spa\dist\out-tsc\app\app.module.js.map
C:\Users\Administrator\Desktop\MyChatBot\financialbot\aChatBotApi\Spa\dist\out-tsc\environments\environment.js
C:\Users\Administrator\Desktop\MyChatBot\financialbot\aChatBotApi\Spa\dist\out-tsc\environments\environment.js.map
C:\Users\Administrator\Desktop\MyChatBot\financialbot\aChatBotApi\Spa\dist\out-tsc\main.js
C:\Users\Administrator\Desktop\MyChatBot\financialbot\aChatBotApi\Spa\dist\out-tsc\main.js.map
C:\Users\Administrator\Desktop\MyChatBot\financialbot\aChatBotApi\Spa\dist\out-tsc\polyfills.js
C:\Users\Administrator\Desktop\MyChatBot\financialbot\aChatBotApi\Spa\dist\out-tsc\polyfills.js.map
C:\Users\Administrator\Desktop\MyChatBot\financialbot\aChatBotApi\Spa\dist\out-tsc\test.js
C:\Users\Administrator\Desktop\MyChatBot\financialbot\aChatBotApi\Spa\dist\out-tsc\test.js.map
C:\Users\Administrator\Desktop\MyChatBot\financialbot\aChatBotApi\Spa\dist\out-tsc\app\app-routing.module.js
C:\Users\Administrator\Desktop\MyChatBot\financialbot\aChatBotApi\Spa\dist\out-tsc\app\app-routing.module.js.map
C:\Users\Administrator\Desktop\MyChatBot\financialbot\aChatBotApi\Spa\dist\out-tsc\app\app.component.spec.js
C:\Users\Administrator\Desktop\MyChatBot\financialbot\aChatBotApi\Spa\dist\out-tsc\app\app.component.spec.js.map
C:\Users\Administrator\Desktop\MyChatBot\financialbot\aChatBotApi\Spa\dist\out-tsc\app\pages\access-page\access-page.component.spec.js
C:\Users\Administrator\Desktop\MyChatBot\financialbot\aChatBotApi\Spa\dist\out-tsc\app\pages\access-page\access-page.component.spec.js.map
C:\Users\Administrator\Desktop\MyChatBot\financialbot\aChatBotApi\Spa\dist\out-tsc\app\pages\chat-page\chat-page.component.spec.js
C:\Users\Administrator\Desktop\MyChatBot\financialbot\aChatBotApi\Spa\dist\out-tsc\app\pages\chat-page\chat-page.component.spec.js.map
C:\Users\Administrator\Desktop\MyChatBot\financialbot\aChatBotApi\Spa\dist\out-tsc\app\pages\register-page\register-page.component.spec.js
C:\Users\Administrator\Desktop\MyChatBot\financialbot\aChatBotApi\Spa\dist\out-tsc\app\pages\register-page\register-page.component.spec.js.map
C:\Users\Administrator\Desktop\MyChatBot\financialbot\aChatBotApi\Spa\dist\out-tsc\environments\environment.prod.js
C:\Users\Administrator\Desktop\MyChatBot\financialbot\aChatBotApi\Spa\dist\out-tsc\environments\environment.prod.js.map
